 POST /auth/login 200 100.794 ms PostmanRuntime/7.36.0 Wed, 27 Dec 2023 23:55:22 GMT
 POST /auth/login 401 94.443 ms PostmanRuntime/7.36.0 Wed, 27 Dec 2023 23:55:29 GMT - error-message: Incorrect email or password
 POST /auth/login 200 85.041 ms PostmanRuntime/7.36.0 Wed, 27 Dec 2023 23:55:37 GMT
 POST /auth/register 400 10.432 ms PostmanRuntime/7.36.0 Wed, 27 Dec 2023 23:55:43 GMT - error-message: Email Adddress Is Already Taken
 POST /auth/register 400 33.185 ms PostmanRuntime/7.36.0 Wed, 27 Dec 2023 23:56:22 GMT - error-message: Email Adddress Is Already Taken
 POST /auth/login 200 79.876 ms PostmanRuntime/7.36.0 Wed, 27 Dec 2023 23:56:26 GMT
 POST /auth/login 401 6.866 ms PostmanRuntime/7.36.0 Wed, 27 Dec 2023 23:56:43 GMT - error-message: Incorrect email or password
 POST /auth/register 400 10.466 ms PostmanRuntime/7.36.0 Wed, 27 Dec 2023 23:57:30 GMT - error-message: Email Adddress Is Already Taken
 POST /auth/register 400 11.591 ms PostmanRuntime/7.36.0 Wed, 27 Dec 2023 23:57:54 GMT - error-message: "body.email" must be a valid email
 POST /auth/register 201 106.123 ms PostmanRuntime/7.36.0 Wed, 27 Dec 2023 23:58:02 GMT
 POST /auth/login 200 49.255 ms PostmanRuntime/7.36.0 Wed, 27 Dec 2023 23:58:55 GMT
 POST /auth/login 401 46.411 ms PostmanRuntime/7.36.0 Wed, 27 Dec 2023 23:59:13 GMT - error-message: Incorrect email or password
 POST /auth/login 401 55.200 ms PostmanRuntime/7.36.0 Wed, 27 Dec 2023 23:59:30 GMT - error-message: Incorrect email or password
 POST /auth/login 200 42.505 ms PostmanRuntime/7.36.0 Wed, 27 Dec 2023 23:59:41 GMT
 POST /auth/login 200 70.445 ms PostmanRuntime/7.36.0 Thu, 28 Dec 2023 00:00:02 GMT
 POST /auth/login 200 85.142 ms PostmanRuntime/7.36.0 Thu, 28 Dec 2023 00:00:50 GMT
 POST /auth/login 200 169.036 ms PostmanRuntime/7.36.0 Thu, 28 Dec 2023 00:01:03 GMT
 POST /auth/login 200 69.496 ms PostmanRuntime/7.36.0 Thu, 28 Dec 2023 00:01:24 GMT
 POST /auth/login 401 50.320 ms PostmanRuntime/7.36.0 Thu, 28 Dec 2023 00:01:39 GMT - error-message: Incorrect email or password
 POST /auth/login 401 52.592 ms PostmanRuntime/7.36.0 Thu, 28 Dec 2023 00:02:56 GMT - error-message: Incorrect email or password
 POST /auth/login 200 55.247 ms PostmanRuntime/7.36.0 Thu, 28 Dec 2023 00:03:14 GMT
